# JRE version: OpenJDK Runtime Environment Temurin-21.0.9+10 (21.0.9+10) (build 21.0.9+10-LTS)
# Java VM: OpenJDK 64-Bit Server VM Temurin-21.0.9+10 (21.0.9+10-LTS, mixed mode, sharing, tiered, compressed oops, compressed class ptrs, parallel gc, windows-amd64)
GC Precious Log:
 CardTable entry size: 512
 CPUs: 12 total, 12 available
 Memory: 7484M
 Large Page Support: Disabled
 NUMA Support: Disabled
 Compressed Oops: Enabled (32-bit)
 Alignments: Space 512K, Generation 512K, Heap 2M
 Heap Min Capacity: 100M
 Heap Initial Capacity: 100M
 Heap Max Capacity: 2G
 Pre-touch: Disabled
 Parallel Workers: 10
Heap:
 PSYoungGen      total 14848K, used 5528K [0x00000000d5580000, 0x00000000d6980000, 0x0000000100000000)
  eden space 11776K, 25% used [0x00000000d5580000,0x00000000d5863eb0,0x00000000d6100000)
  from space 3072K, 83% used [0x00000000d6680000,0x00000000d6902410,0x00000000d6980000)
  to   space 4096K, 0% used [0x00000000d6180000,0x00000000d6180000,0x00000000d6580000)
 ParOldGen       total 219136K, used 218492K [0x0000000080000000, 0x000000008d600000, 0x00000000d5580000)
  object space 219136K, 99% used [0x0000000080000000,0x000000008d55f3e8,0x000000008d600000)
 Metaspace       used 75833K, committed 77504K, reserved 1179648K
  class space    used 7904K, committed 8640K, reserved 1048576K
GC Heap History (20 events):
Event: 1334.395 GC heap before
{Heap before GC invocations=348 (full 3):
 PSYoungGen      total 12800K, used 12634K [0x00000000d5580000, 0x00000000d6300000, 0x0000000100000000)
  eden space 11776K, 100% used [0x00000000d5580000,0x00000000d6100000,0x00000000d6100000)
  from space 1024K, 83% used [0x00000000d6200000,0x00000000d62d6900,0x00000000d6300000)
  to   space 1024K, 0% used [0x00000000d6100000,0x00000000d6100000,0x00000000d6200000)
 ParOldGen       total 206336K, used 206287K [0x0000000080000000, 0x000000008c980000, 0x00000000d5580000)
  object space 206336K, 99% used [0x0000000080000000,0x000000008c973f60,0x000000008c980000)
 Metaspace       used 75655K, committed 77312K, reserved 1179648K
  class space    used 7900K, committed 8640K, reserved 1048576K
}
Event: 1334.396 GC heap after
{Heap after GC invocations=348 (full 3):
 PSYoungGen      total 12800K, used 256K [0x00000000d5580000, 0x00000000d6280000, 0x0000000100000000)
  eden space 11776K, 0% used [0x00000000d5580000,0x00000000d5580000,0x00000000d6100000)
  from space 1024K, 25% used [0x00000000d6100000,0x00000000d6140000,0x00000000d6200000)
  to   space 512K, 0% used [0x00000000d6200000,0x00000000d6200000,0x00000000d6280000)
 ParOldGen       total 206848K, used 206463K [0x0000000080000000, 0x000000008ca00000, 0x00000000d5580000)
  object space 206848K, 99% used [0x0000000080000000,0x000000008c99ff60,0x000000008ca00000)
 Metaspace       used 75655K, committed 77312K, reserved 1179648K
  class space    used 7900K, committed 8640K, reserved 1048576K
}
Event: 1334.411 GC heap before
{Heap before GC invocations=349 (full 3):
 PSYoungGen      total 12800K, used 12032K [0x00000000d5580000, 0x00000000d6280000, 0x0000000100000000)
  eden space 11776K, 100% used [0x00000000d5580000,0x00000000d6100000,0x00000000d6100000)
  from space 1024K, 25% used [0x00000000d6100000,0x00000000d6140000,0x00000000d6200000)
  to   space 512K, 0% used [0x00000000d6200000,0x00000000d6200000,0x00000000d6280000)
 ParOldGen       total 206848K, used 206463K [0x0000000080000000, 0x000000008ca00000, 0x00000000d5580000)
  object space 206848K, 99% used [0x0000000080000000,0x000000008c99ff60,0x000000008ca00000)
 Metaspace       used 75672K, committed 77312K, reserved 1179648K
  class space    used 7900K, committed 8640K, reserved 1048576K
}
Event: 1334.412 GC heap after
{Heap after GC invocations=349 (full 3):
 PSYoungGen      total 12288K, used 506K [0x00000000d5580000, 0x00000000d6300000, 0x0000000100000000)
  eden space 11776K, 0% used [0x00000000d5580000,0x00000000d5580000,0x00000000d6100000)
  from space 512K, 98% used [0x00000000d6200000,0x00000000d627e900,0x00000000d6280000)
  to   space 1024K, 0% used [0x00000000d6100000,0x00000000d6100000,0x00000000d6200000)
 ParOldGen       total 206848K, used 206535K [0x0000000080000000, 0x000000008ca00000, 0x00000000d5580000)
  object space 206848K, 99% used [0x0000000080000000,0x000000008c9b1f60,0x000000008ca00000)
 Metaspace       used 75672K, committed 77312K, reserved 1179648K
  class space    used 7900K, committed 8640K, reserved 1048576K
}
Event: 1334.426 GC heap before
{Heap before GC invocations=350 (full 3):
 PSYoungGen      total 12288K, used 12282K [0x00000000d5580000, 0x00000000d6300000, 0x0000000100000000)
  eden space 11776K, 100% used [0x00000000d5580000,0x00000000d6100000,0x00000000d6100000)
  from space 512K, 98% used [0x00000000d6200000,0x00000000d627e900,0x00000000d6280000)
  to   space 1024K, 0% used [0x00000000d6100000,0x00000000d6100000,0x00000000d6200000)
 ParOldGen       total 206848K, used 206535K [0x0000000080000000, 0x000000008ca00000, 0x00000000d5580000)
  object space 206848K, 99% used [0x0000000080000000,0x000000008c9b1f60,0x000000008ca00000)
 Metaspace       used 75672K, committed 77312K, reserved 1179648K
  class space    used 7900K, committed 8640K, reserved 1048576K
}
Event: 1334.427 GC heap after
{Heap after GC invocations=350 (full 3):
 PSYoungGen      total 12800K, used 698K [0x00000000d5580000, 0x00000000d6300000, 0x0000000100000000)
  eden space 11776K, 0% used [0x00000000d5580000,0x00000000d5580000,0x00000000d6100000)
  from space 1024K, 68% used [0x00000000d6100000,0x00000000d61ae900,0x00000000d6200000)
  to   space 1024K, 0% used [0x00000000d6200000,0x00000000d6200000,0x00000000d6300000)
 ParOldGen       total 206848K, used 206599K [0x0000000080000000, 0x000000008ca00000, 0x00000000d5580000)
  object space 206848K, 99% used [0x0000000080000000,0x000000008c9c1f60,0x000000008ca00000)
 Metaspace       used 75672K, committed 77312K, reserved 1179648K
  class space    used 7900K, committed 8640K, reserved 1048576K
}
Event: 1334.440 GC heap before
{Heap before GC invocations=351 (full 3):
 PSYoungGen      total 12800K, used 12474K [0x00000000d5580000, 0x00000000d6300000, 0x0000000100000000)
  eden space 11776K, 100% used [0x00000000d5580000,0x00000000d6100000,0x00000000d6100000)
  from space 1024K, 68% used [0x00000000d6100000,0x00000000d61ae900,0x00000000d6200000)
  to   space 1024K, 0% used [0x00000000d6200000,0x00000000d6200000,0x00000000d6300000)
 ParOldGen       total 206848K, used 206599K [0x0000000080000000, 0x000000008ca00000, 0x00000000d5580000)
  object space 206848K, 99% used [0x0000000080000000,0x000000008c9c1f60,0x000000008ca00000)
 Metaspace       used 75673K, committed 77312K, reserved 1179648K
  class space    used 7900K, committed 8640K, reserved 1048576K
}
Event: 1334.441 GC heap after
{Heap after GC invocations=351 (full 3):
 PSYoungGen      total 12800K, used 756K [0x00000000d5580000, 0x00000000d6300000, 0x0000000100000000)
  eden space 11776K, 0% used [0x00000000d5580000,0x00000000d5580000,0x00000000d6100000)
  from space 1024K, 73% used [0x00000000d6200000,0x00000000d62bd200,0x00000000d6300000)
  to   space 1024K, 0% used [0x00000000d6100000,0x00000000d6100000,0x00000000d6200000)
 ParOldGen       total 206848K, used 206631K [0x0000000080000000, 0x000000008ca00000, 0x00000000d5580000)
  object space 206848K, 99% used [0x0000000080000000,0x000000008c9c9f60,0x000000008ca00000)
 Metaspace       used 75673K, committed 77312K, reserved 1179648K
  class space    used 7900K, committed 8640K, reserved 1048576K
}
Event: 1334.458 GC heap before
{Heap before GC invocations=352 (full 3):
 PSYoungGen      total 12800K, used 12532K [0x00000000d5580000, 0x00000000d6300000, 0x0000000100000000)
  eden space 11776K, 100% used [0x00000000d5580000,0x00000000d6100000,0x00000000d6100000)
  from space 1024K, 73% used [0x00000000d6200000,0x00000000d62bd200,0x00000000d6300000)
  to   space 1024K, 0% used [0x00000000d6100000,0x00000000d6100000,0x00000000d6200000)
 ParOldGen       total 206848K, used 206631K [0x0000000080000000, 0x000000008ca00000, 0x00000000d5580000)
  object space 206848K, 99% used [0x0000000080000000,0x000000008c9c9f60,0x000000008ca00000)
 Metaspace       used 75673K, committed 77312K, reserved 1179648K
  class space    used 7900K, committed 8640K, reserved 1048576K
}
Event: 1334.459 GC heap after
{Heap after GC invocations=352 (full 3):
 PSYoungGen      total 12800K, used 314K [0x00000000d5580000, 0x00000000d6280000, 0x0000000100000000)
  eden space 11776K, 0% used [0x00000000d5580000,0x00000000d5580000,0x00000000d6100000)
  from space 1024K, 30% used [0x00000000d6100000,0x00000000d614e900,0x00000000d6200000)
  to   space 512K, 0% used [0x00000000d6200000,0x00000000d6200000,0x00000000d6280000)
 ParOldGen       total 206848K, used 206695K [0x0000000080000000, 0x000000008ca00000, 0x00000000d5580000)
  object space 206848K, 99% used [0x0000000080000000,0x000000008c9d9f60,0x000000008ca00000)
 Metaspace       used 75673K, committed 77312K, reserved 1179648K
  class space    used 7900K, committed 8640K, reserved 1048576K
}
Event: 1334.473 GC heap before
{Heap before GC invocations=353 (full 3):
 PSYoungGen      total 12800K, used 12090K [0x00000000d5580000, 0x00000000d6280000, 0x0000000100000000)
  eden space 11776K, 100% used [0x00000000d5580000,0x00000000d6100000,0x00000000d6100000)
  from space 1024K, 30% used [0x00000000d6100000,0x00000000d614e900,0x00000000d6200000)
  to   space 512K, 0% used [0x00000000d6200000,0x00000000d6200000,0x00000000d6280000)
 ParOldGen       total 206848K, used 206695K [0x0000000080000000, 0x000000008ca00000, 0x00000000d5580000)
  object space 206848K, 99% used [0x0000000080000000,0x000000008c9d9f60,0x000000008ca00000)
 Metaspace       used 75675K, committed 77312K, reserved 1179648K
  class space    used 7900K, committed 8640K, reserved 1048576K
}
Event: 1334.474 GC heap after
{Heap after GC invocations=353 (full 3):
 PSYoungGen      total 12288K, used 512K [0x00000000d5580000, 0x00000000d6300000, 0x0000000100000000)
  eden space 11776K, 0% used [0x00000000d5580000,0x00000000d5580000,0x00000000d6100000)
  from space 512K, 100% used [0x00000000d6200000,0x00000000d6280000,0x00000000d6280000)
  to   space 1024K, 0% used [0x00000000d6100000,0x00000000d6100000,0x00000000d6200000)
 ParOldGen       total 206848K, used 206735K [0x0000000080000000, 0x000000008ca00000, 0x00000000d5580000)
  object space 206848K, 99% used [0x0000000080000000,0x000000008c9e3f60,0x000000008ca00000)
 Metaspace       used 75675K, committed 77312K, reserved 1179648K
  class space    used 7900K, committed 8640K, reserved 1048576K
}
Event: 2735.612 GC heap before
{Heap before GC invocations=354 (full 3):
 PSYoungGen      total 12288K, used 12288K [0x00000000d5580000, 0x00000000d6300000, 0x0000000100000000)
  eden space 11776K, 100% used [0x00000000d5580000,0x00000000d6100000,0x00000000d6100000)
  from space 512K, 100% used [0x00000000d6200000,0x00000000d6280000,0x00000000d6280000)
  to   space 1024K, 0% used [0x00000000d6100000,0x00000000d6100000,0x00000000d6200000)
 ParOldGen       total 206848K, used 206735K [0x0000000080000000, 0x000000008ca00000, 0x00000000d5580000)
  object space 206848K, 99% used [0x0000000080000000,0x000000008c9e3f60,0x000000008ca00000)
 Metaspace       used 75718K, committed 77376K, reserved 1179648K
  class space    used 7903K, committed 8640K, reserved 1048576K
}
Event: 2735.655 GC heap after
{Heap after GC invocations=354 (full 3):
 PSYoungGen      total 12800K, used 1017K [0x00000000d5580000, 0x00000000d6c00000, 0x0000000100000000)
  eden space 11776K, 0% used [0x00000000d5580000,0x00000000d5580000,0x00000000d6100000)
  from space 1024K, 99% used [0x00000000d6100000,0x00000000d61fe4d0,0x00000000d6200000)
  to   space 5632K, 0% used [0x00000000d6680000,0x00000000d6680000,0x00000000d6c00000)
 ParOldGen       total 210432K, used 210374K [0x0000000080000000, 0x000000008cd80000, 0x00000000d5580000)
  object space 210432K, 99% used [0x0000000080000000,0x000000008cd719d8,0x000000008cd80000)
 Metaspace       used 75718K, committed 77376K, reserved 1179648K
  class space    used 7903K, committed 8640K, reserved 1048576K
}
Event: 2736.103 GC heap before
{Heap before GC invocations=355 (full 3):
 PSYoungGen      total 12800K, used 12401K [0x00000000d5580000, 0x00000000d6c00000, 0x0000000100000000)
  eden space 11776K, 96% used [0x00000000d5580000,0x00000000d609e230,0x00000000d6100000)
  from space 1024K, 99% used [0x00000000d6100000,0x00000000d61fe4d0,0x00000000d6200000)
  to   space 5632K, 0% used [0x00000000d6680000,0x00000000d6680000,0x00000000d6c00000)
 ParOldGen       total 210432K, used 210374K [0x0000000080000000, 0x000000008cd80000, 0x00000000d5580000)
  object space 210432K, 99% used [0x0000000080000000,0x000000008cd719d8,0x000000008cd80000)
 Metaspace       used 75749K, committed 77440K, reserved 1179648K
  class space    used 7904K, committed 8640K, reserved 1048576K
}
Event: 2736.108 GC heap after
{Heap after GC invocations=355 (full 3):
 PSYoungGen      total 17408K, used 5000K [0x00000000d5580000, 0x00000000d6c00000, 0x0000000100000000)
  eden space 11776K, 0% used [0x00000000d5580000,0x00000000d5580000,0x00000000d6100000)
  from space 5632K, 88% used [0x00000000d6680000,0x00000000d6b623b0,0x00000000d6c00000)
  to   space 5632K, 0% used [0x00000000d6100000,0x00000000d6100000,0x00000000d6680000)
 ParOldGen       total 211456K, used 211364K [0x0000000080000000, 0x000000008ce80000, 0x00000000d5580000)
  object space 211456K, 99% used [0x0000000080000000,0x000000008ce693c0,0x000000008ce80000)
 Metaspace       used 75749K, committed 77440K, reserved 1179648K
  class space    used 7904K, committed 8640K, reserved 1048576K
}
Event: 2736.237 GC heap before
{Heap before GC invocations=356 (full 3):
 PSYoungGen      total 17408K, used 16776K [0x00000000d5580000, 0x00000000d6c00000, 0x0000000100000000)
  eden space 11776K, 100% used [0x00000000d5580000,0x00000000d6100000,0x00000000d6100000)
  from space 5632K, 88% used [0x00000000d6680000,0x00000000d6b623b0,0x00000000d6c00000)
  to   space 5632K, 0% used [0x00000000d6100000,0x00000000d6100000,0x00000000d6680000)
 ParOldGen       total 211456K, used 211364K [0x0000000080000000, 0x000000008ce80000, 0x00000000d5580000)
  object space 211456K, 99% used [0x0000000080000000,0x000000008ce693c0,0x000000008ce80000)
 Metaspace       used 75765K, committed 77440K, reserved 1179648K
  class space    used 7904K, committed 8640K, reserved 1048576K
}
Event: 2736.242 GC heap after
{Heap after GC invocations=356 (full 3):
 PSYoungGen      total 17408K, used 5396K [0x00000000d5580000, 0x00000000d6c00000, 0x0000000100000000)
  eden space 11776K, 0% used [0x00000000d5580000,0x00000000d5580000,0x00000000d6100000)
  from space 5632K, 95% used [0x00000000d6100000,0x00000000d66453e0,0x00000000d6680000)
  to   space 5632K, 0% used [0x00000000d6680000,0x00000000d6680000,0x00000000d6c00000)
 ParOldGen       total 215552K, used 215272K [0x0000000080000000, 0x000000008d280000, 0x00000000d5580000)
  object space 215552K, 99% used [0x0000000080000000,0x000000008d23a158,0x000000008d280000)
 Metaspace       used 75765K, committed 77440K, reserved 1179648K
  class space    used 7904K, committed 8640K, reserved 1048576K
}
Event: 2736.304 GC heap before
{Heap before GC invocations=357 (full 3):
 PSYoungGen      total 17408K, used 17172K [0x00000000d5580000, 0x00000000d6c00000, 0x0000000100000000)
  eden space 11776K, 100% used [0x00000000d5580000,0x00000000d6100000,0x00000000d6100000)
  from space 5632K, 95% used [0x00000000d6100000,0x00000000d66453e0,0x00000000d6680000)
  to   space 5632K, 0% used [0x00000000d6680000,0x00000000d6680000,0x00000000d6c00000)
 ParOldGen       total 215552K, used 215272K [0x0000000080000000, 0x000000008d280000, 0x00000000d5580000)
  object space 215552K, 99% used [0x0000000080000000,0x000000008d23a158,0x000000008d280000)
 Metaspace       used 75773K, committed 77440K, reserved 1179648K
  class space    used 7904K, committed 8640K, reserved 1048576K
}
Event: 2736.308 GC heap after
{Heap after GC invocations=357 (full 3):
 PSYoungGen      total 14848K, used 2569K [0x00000000d5580000, 0x00000000d6980000, 0x0000000100000000)
  eden space 11776K, 0% used [0x00000000d5580000,0x00000000d5580000,0x00000000d6100000)
  from space 3072K, 83% used [0x00000000d6680000,0x00000000d6902410,0x00000000d6980000)
  to   space 4096K, 0% used [0x00000000d6180000,0x00000000d6180000,0x00000000d6580000)
 ParOldGen       total 219136K, used 218492K [0x0000000080000000, 0x000000008d600000, 0x00000000d5580000)
  object space 219136K, 99% used [0x0000000080000000,0x000000008d55f3e8,0x000000008d600000)
 Metaspace       used 75773K, committed 77440K, reserved 1179648K
  class space    used 7904K, committed 8640K, reserved 1048576K
}

